#
# There is insufficient memory for the Java Runtime Environment to continue.
# Native memory allocation (malloc) failed to allocate 1048576 bytes for AllocateHeap
# Possible reasons:
#   The system is out of physical RAM or swap space
#   In 32 bit mode, the process size limit was hit
# Possible solutions:
#   Reduce memory load on the system
#   Increase physical memory or swap space
#   Check if swap backing store is full
#   Use 64 bit Java on a 64 bit OS
#   Decrease Java heap size (-Xmx/-Xms)
#   Decrease number of Java threads
#   Decrease Java thread stack sizes (-Xss)
#   Set larger code cache with -XX:ReservedCodeCacheSize=
# This output file may be truncated or incomplete.
#
#  Out of Memory Error (memory/allocation.inline.hpp:61), pid=40388, tid=0x0000000000009dfc
#
# JRE version:  (8.0_172-b11) (build )
# Java VM: Java HotSpot(TM) 64-Bit Server VM (25.172-b11 mixed mode windows-amd64 compressed oops)
# Failed to write core dump. Minidumps are not enabled by default on client versions of Windows
#

---------------  T H R E A D  ---------------

Current thread (0x0000000002932800):  JavaThread "Unknown thread" [_thread_in_vm, id=40444, stack(0x0000000002830000,0x0000000002930000)]

Stack: [0x0000000002830000,0x0000000002930000]
[error occurred during error reporting (printing stack bounds), id 0xc0000005]

Native frames: (J=compiled Java code, j=interpreted, Vv=VM code, C=native code)


---------------  P R O C E S S  ---------------

Java Threads: ( => current thread )

Other Threads:

=>0x0000000002932800 (exited) JavaThread "Unknown thread" [_thread_in_vm, id=40444, stack(0x0000000002830000,0x0000000002930000)]

VM state:not at safepoint (normal execution)

VM Mutex/Monitor currently owned by a thread: None

Heap:
 PSYoungGen      total 4608K, used 81K [0x00000000ffb00000, 0x0000000100000000, 0x0000000100000000)
  eden space 4096K, 2% used [0x00000000ffb00000,0x00000000ffb147b8,0x00000000fff00000)
  from space 512K, 0% used [0x00000000fff80000,0x00000000fff80000,0x0000000100000000)
  to   space 512K, 0% used [0x00000000fff00000,0x00000000fff00000,0x00000000fff80000)
 ParOldGen       total 11264K, used 0K [0x00000000ff000000, 0x00000000ffb00000, 0x00000000ffb00000)
  object space 11264K, 0% used [0x00000000ff000000,0x00000000ff000000,0x00000000ffb00000)
 Metaspace       used 775K, capacity 4480K, committed 4480K, reserved 1056768K
  class space    used 76K, capacity 384K, committed 384K, reserved 1048576K

Card table byte_map: [0x0000000002770000,0x0000000002780000] byte_map_base: 0x0000000001f78000

Marking Bits: (ParMarkBitMap*) 0x0000000053363c10
 Begin Bits: [0x0000000002790000, 0x00000000027d0000)
 End Bits:   [0x00000000027d0000, 0x0000000002810000)

Polling page: 0x0000000002740000

CodeCache: size=245760Kb used=328Kb max_used=328Kb free=245431Kb
 bounds [0x0000000002a30000, 0x0000000002ca0000, 0x0000000011a30000]
 total_blobs=58 nmethods=0 adapters=38
 compilation: enabled

Compilation events (0 events):
No events

GC Heap History (0 events):
No events

Deoptimization events (0 events):
No events

Classes redefined (0 events):
No events

Internal exceptions (0 events):
No events

Events (10 events):
Event: 0.032 loading class java/lang/Short
Event: 0.032 loading class java/lang/Short done
Event: 0.032 loading class java/lang/Integer
Event: 0.032 loading class java/lang/Integer done
Event: 0.032 loading class java/lang/Long
Event: 0.033 loading class java/lang/Long done
Event: 0.033 loading class java/lang/NullPointerException
Event: 0.033 loading class java/lang/NullPointerException done
Event: 0.033 loading class java/lang/ArithmeticException
Event: 0.033 loading class java/lang/ArithmeticException done


Dynamic libraries:
0x00007ff7fa0a0000 - 0x00007ff7fa0d7000 	C:\Program Files\Java\jdk1.8.0_172\bin\javaw.exe
0x00007fff61f20000 - 0x00007fff62187000 	C:\WINDOWS\SYSTEM32\ntdll.dll
0x00007fff61670000 - 0x00007fff61739000 	C:\WINDOWS\System32\KERNEL32.DLL
0x00007fff5f440000 - 0x00007fff5f837000 	C:\WINDOWS\System32\KERNELBASE.dll
0x00007fff5c240000 - 0x00007fff5c2e0000 	C:\WINDOWS\SYSTEM32\apphelp.dll
0x00007fff615b0000 - 0x00007fff61666000 	C:\WINDOWS\System32\ADVAPI32.dll
0x00007fff61920000 - 0x00007fff619c9000 	C:\WINDOWS\System32\msvcrt.dll
0x00007fff610b0000 - 0x00007fff61157000 	C:\WINDOWS\System32\sechost.dll
0x00007fff60420000 - 0x00007fff60538000 	C:\WINDOWS\System32\RPCRT4.dll
0x00007fff609c0000 - 0x00007fff60b86000 	C:\WINDOWS\System32\USER32.dll
0x00007fff5fa70000 - 0x00007fff5fa97000 	C:\WINDOWS\System32\win32u.dll
0x00007fff618f0000 - 0x00007fff6191b000 	C:\WINDOWS\System32\GDI32.dll
0x00007fff5f310000 - 0x00007fff5f43c000 	C:\WINDOWS\System32\gdi32full.dll
0x00007fff5f840000 - 0x00007fff5f8e3000 	C:\WINDOWS\System32\msvcp_win.dll
0x00007fff5f1c0000 - 0x00007fff5f30b000 	C:\WINDOWS\System32\ucrtbase.dll
0x00007fff42370000 - 0x00007fff42602000 	C:\WINDOWS\WinSxS\amd64_microsoft.windows.common-controls_6595b64144ccf1df_6.0.26100.8457_none_3e0b2faee331e92d\COMCTL32.dll
0x00007fff60560000 - 0x00007fff60592000 	C:\WINDOWS\System32\IMM32.DLL
0x0000000054160000 - 0x0000000054232000 	C:\Program Files\Java\jdk1.8.0_172\jre\bin\msvcr100.dll
0x0000000052b40000 - 0x00000000533e3000 	C:\Program Files\Java\jdk1.8.0_172\jre\bin\server\jvm.dll
0x00007fff61740000 - 0x00007fff61748000 	C:\WINDOWS\System32\PSAPI.DLL
0x00007fff58720000 - 0x00007fff5872b000 	C:\WINDOWS\SYSTEM32\VERSION.dll
0x00007fff52940000 - 0x00007fff52976000 	C:\WINDOWS\SYSTEM32\WINMM.dll
0x00007fff31b50000 - 0x00007fff31b5a000 	C:\WINDOWS\SYSTEM32\WSOCK32.dll
0x00007fff60de0000 - 0x00007fff60e60000 	C:\WINDOWS\System32\WS2_32.dll
0x0000000054110000 - 0x000000005411f000 	C:\Program Files\Java\jdk1.8.0_172\jre\bin\verify.dll
0x00000000540e0000 - 0x0000000054109000 	C:\Program Files\Java\jdk1.8.0_172\jre\bin\java.dll
0x00000000540c0000 - 0x00000000540d6000 	C:\Program Files\Java\jdk1.8.0_172\jre\bin\zip.dll

VM Arguments:
jvm_args: -Xmx16m 
java_command: org.eclipse.jdt.internal.launching.support.LibraryDetector
java_class_path (initial): C:\Users\User\AppData\Roaming\Code\User\globalStorage\redhat.java\1.54.0\config_win\org.eclipse.osgi\57\0\.cp\lib\launchingsupport.jar
Launcher Type: SUN_STANDARD

Environment Variables:
JAVA_HOME=C:\Program Files\Apache NetBeans\jdk
PATH=C:\Program Files\Microsoft MPI\Bin\;C:\Program Files (x86)\Common Files\Oracle\Java\java8path;C:\Program Files (x86)\Common Files\Oracle\Java\javapath;C:\WINDOWS\system32;C:\WINDOWS;C:\WINDOWS\System32\Wbem;C:\WINDOWS\System32\WindowsPowerShell\v1.0\;C:\WINDOWS\System32\OpenSSH\;C:\Program Files\dotnet\;C:\Program Files (x86)\Windows Kits\10\Windows Performance Toolkit\;C:\Program Files\Cloudflare\Cloudflare WARP\;C:\Program Files\bin;C:\Program Files\Apache NetBeans\jdk\bin;C:\Program Files\Azure Data Studio\bin;C:\Program Files (x86)\Microsoft SQL Server\170\Tools\Binn\;C:\Program Files\Microsoft SQL Server\170\Tools\Binn\;C:\Program Files\Microsoft SQL Server\Client SDK\ODBC\180\Tools\Binn\;C:\Program Files\Microsoft SQL Server\170\DTS\Binn\;C:\Program Files (x86)\Microsoft SQL Server\160\Tools\Binn\;C:\Program Files\Microsoft SQL Server\160\Tools\Binn\;C:\Program Files\Microsoft SQL Server\Client SDK\ODBC\170\Tools\Binn\;C:\Program Files\Microsoft SQL Server\160\DTS\Binn\;D:\PRJ301-tools\;D:\PRJ301-tools\Git\cmd;C:\Users\User\AppData\Local\Microsoft\WindowsApps;C:\mingw64\bin;C:\Users\User\AppData\Local\GitHubDesktop\bin;C:\Users\User\AppData\Local\Programs\Microsoft VS Code\bin;C:\Program Files\Azure Data Studio\bin;C:\Users\User\AppData\Local\PowerToys\DSCModules\;C:\Users\User\AppData\Local\Microsoft\WinGet\Packages\Gyan.FFmpeg_Microsoft.Winget.Source_8wekyb3d8bbwe\ffmpeg-8.1.1-full_build\bin;C:\Users\User\AppData\Roaming\npm
USERNAME=User
OS=Windows_NT
PROCESSOR_IDENTIFIER=Intel64 Family 6 Model 158 Stepping 10, GenuineIntel



---------------  S Y S T E M  ---------------

OS: Windows 10.0 , 64 bit Build 26100 (10.0.26100.8328)

CPU:total 12 (initial active 12) (6 cores per cpu, 2 threads per core) family 6 model 158 stepping 10, cmov, cx8, fxsr, mmx, sse, sse2, sse3, ssse3, sse4.1, sse4.2, popcnt, avx, avx2, aes, clmul, erms, rtm, 3dnowpref, lzcnt, ht, tsc, tscinvbit, bmi1, bmi2, adx

Memory: 4k page, physical 16545968k(2041296k free), swap 24934576k(61012k free)

vm_info: Java HotSpot(TM) 64-Bit Server VM (25.172-b11) for windows-amd64 JRE (1.8.0_172-b11), built on Mar 28 2018 21:21:52 by "java_re" with MS VC++ 10.0 (VS2010)

time: Sun Jun 21 22:34:08 2026
elapsed time: 1 seconds (0d 0h 0m 1s)

